<?xml version="1.0" encoding="UTF-8"?>
<!-- Generated by org.testng.reporters.JUnitXMLReporter -->
<testsuite hostname="Rashmika-PC" name="Test" tests="3" failures="1" timestamp="9 Aug 2021 13:36:48 GMT" time="36.63" errors="0">
  <testcase name="@AfterMethod tearDown" time="0.0" classname="com.orangehrm_hybridframework5.testCase.Dashboard_TC001">
    <failure type="java.lang.NullPointerException">
      <![CDATA[java.lang.NullPointerException
	at com.oranghrm_hybridframework5.testBase.TestBase.tearDown(TestBase.java:43)
... Removed 26 stack frames]]>
    </failure>
  </testcase> <!-- @AfterMethod tearDown -->
  <testcase name="loginTC_001" time="9.046" classname="com.orangehrm_hybridframework5.testCase.Login_TC001"/>
  <testcase name="loginTC_002" time="0.018" classname="com.orangehrm_hybridframework5.testCase.Login_TC001"/>
  <testcase name="logoutTC_001" time="0.001" classname="com.orangehrm_hybridframework5.testCase.Dashboard_TC001">
    <failure type="java.lang.NullPointerException">
      <![CDATA[java.lang.NullPointerException
	at org.openqa.selenium.support.pagefactory.DefaultElementLocator.findElement(DefaultElementLocator.java:69)
	at org.openqa.selenium.support.pagefactory.internal.LocatingElementHandler.invoke(LocatingElementHandler.java:38)
	at com.sun.proxy.$Proxy10.clear(Unknown Source)
	at com.orangehrm_hybridframework5.pageObject.LoginPage.setUsername(LoginPage.java:33)
	at com.orangehrm_hybridframework5.testCase.Dashboard_TC001.logoutTC_001(Dashboard_TC001.java:13)
... Removed 24 stack frames]]>
    </failure>
  </testcase> <!-- logoutTC_001 -->
</testsuite> <!-- Test -->
