<?xml version="1.0" encoding="UTF-8"?>
<testng-results skipped="0" failed="1" total="3" passed="2">
  <reporter-output>
  </reporter-output>
  <suite name="Suite" duration-ms="36630" started-at="2021-08-09T13:36:12Z" finished-at="2021-08-09T13:36:48Z">
    <groups>
    </groups>
    <test name="Test" duration-ms="36630" started-at="2021-08-09T13:36:12Z" finished-at="2021-08-09T13:36:48Z">
      <class name="com.orangehrm_hybridframework5.testCase.Dashboard_TC001">
        <test-method status="FAIL" signature="logoutTC_001()[pri:0, instance:com.orangehrm_hybridframework5.testCase.Dashboard_TC001@d64342]" name="logoutTC_001" duration-ms="1" started-at="2021-08-09T06:36:48Z" finished-at="2021-08-09T06:36:48Z">
          <exception class="java.lang.NullPointerException">
            <full-stacktrace>
              <![CDATA[java.lang.NullPointerException
	at org.openqa.selenium.support.pagefactory.DefaultElementLocator.findElement(DefaultElementLocator.java:69)
	at org.openqa.selenium.support.pagefactory.internal.LocatingElementHandler.invoke(LocatingElementHandler.java:38)
	at com.sun.proxy.$Proxy10.clear(Unknown Source)
	at com.orangehrm_hybridframework5.pageObject.LoginPage.setUsername(LoginPage.java:33)
	at com.orangehrm_hybridframework5.testCase.Dashboard_TC001.logoutTC_001(Dashboard_TC001.java:13)
	at sun.reflect.NativeMethodAccessorImpl.invoke0(Native Method)
	at sun.reflect.NativeMethodAccessorImpl.invoke(Unknown Source)
	at sun.reflect.DelegatingMethodAccessorImpl.invoke(Unknown Source)
	at java.lang.reflect.Method.invoke(Unknown Source)
	at org.testng.internal.MethodInvocationHelper.invokeMethod(MethodInvocationHelper.java:86)
	at org.testng.internal.Invoker.invokeMethod(Invoker.java:645)
	at org.testng.internal.Invoker.invokeTestMethod(Invoker.java:822)
	at org.testng.internal.Invoker.invokeTestMethods(Invoker.java:1130)
	at org.testng.internal.TestMethodWorker.invokeTestMethods(TestMethodWorker.java:129)
	at org.testng.internal.TestMethodWorker.run(TestMethodWorker.java:112)
	at org.testng.TestRunner.privateRun(TestRunner.java:782)
	at org.testng.TestRunner.run(TestRunner.java:632)
	at org.testng.SuiteRunner.runTest(SuiteRunner.java:366)
	at org.testng.SuiteRunner.runSequentially(SuiteRunner.java:361)
	at org.testng.SuiteRunner.privateRun(SuiteRunner.java:319)
	at org.testng.SuiteRunner.run(SuiteRunner.java:268)
	at org.testng.SuiteRunnerWorker.runSuite(SuiteRunnerWorker.java:52)
	at org.testng.SuiteRunnerWorker.run(SuiteRunnerWorker.java:86)
	at org.testng.TestNG.runSuitesSequentially(TestNG.java:1244)
	at org.testng.TestNG.runSuitesLocally(TestNG.java:1169)
	at org.testng.TestNG.run(TestNG.java:1064)
	at org.testng.remote.RemoteTestNG.run(RemoteTestNG.java:113)
	at org.testng.remote.RemoteTestNG.initAndRun(RemoteTestNG.java:206)
	at org.testng.remote.RemoteTestNG.main(RemoteTestNG.java:177)
]]>
            </full-stacktrace>
          </exception> <!-- java.lang.NullPointerException -->
          <reporter-output>
          </reporter-output>
        </test-method> <!-- logoutTC_001 -->
        <test-method status="FAIL" signature="tearDown()[pri:0, instance:com.orangehrm_hybridframework5.testCase.Dashboard_TC001@d64342]" name="tearDown" is-config="true" duration-ms="0" started-at="2021-08-09T06:36:48Z" finished-at="2021-08-09T06:36:48Z">
          <exception class="java.lang.NullPointerException">
            <full-stacktrace>
              <![CDATA[java.lang.NullPointerException
	at com.oranghrm_hybridframework5.testBase.TestBase.tearDown(TestBase.java:43)
	at sun.reflect.NativeMethodAccessorImpl.invoke0(Native Method)
	at sun.reflect.NativeMethodAccessorImpl.invoke(Unknown Source)
	at sun.reflect.DelegatingMethodAccessorImpl.invoke(Unknown Source)
	at java.lang.reflect.Method.invoke(Unknown Source)
	at org.testng.internal.MethodInvocationHelper.invokeMethod(MethodInvocationHelper.java:86)
	at org.testng.internal.Invoker.invokeConfigurationMethod(Invoker.java:514)
	at org.testng.internal.Invoker.invokeConfigurations(Invoker.java:215)
	at org.testng.internal.Invoker.invokeMethod(Invoker.java:709)
	at org.testng.internal.Invoker.invokeTestMethod(Invoker.java:822)
	at org.testng.internal.Invoker.invokeTestMethods(Invoker.java:1130)
	at org.testng.internal.TestMethodWorker.invokeTestMethods(TestMethodWorker.java:129)
	at org.testng.internal.TestMethodWorker.run(TestMethodWorker.java:112)
	at org.testng.TestRunner.privateRun(TestRunner.java:782)
	at org.testng.TestRunner.run(TestRunner.java:632)
	at org.testng.SuiteRunner.runTest(SuiteRunner.java:366)
	at org.testng.SuiteRunner.runSequentially(SuiteRunner.java:361)
	at org.testng.SuiteRunner.privateRun(SuiteRunner.java:319)
	at org.testng.SuiteRunner.run(SuiteRunner.java:268)
	at org.testng.SuiteRunnerWorker.runSuite(SuiteRunnerWorker.java:52)
	at org.testng.SuiteRunnerWorker.run(SuiteRunnerWorker.java:86)
	at org.testng.TestNG.runSuitesSequentially(TestNG.java:1244)
	at org.testng.TestNG.runSuitesLocally(TestNG.java:1169)
	at org.testng.TestNG.run(TestNG.java:1064)
	at org.testng.remote.RemoteTestNG.run(RemoteTestNG.java:113)
	at org.testng.remote.RemoteTestNG.initAndRun(RemoteTestNG.java:206)
	at org.testng.remote.RemoteTestNG.main(RemoteTestNG.java:177)
]]>
            </full-stacktrace>
          </exception> <!-- java.lang.NullPointerException -->
          <reporter-output>
          </reporter-output>
        </test-method> <!-- tearDown -->
      </class> <!-- com.orangehrm_hybridframework5.testCase.Dashboard_TC001 -->
      <class name="com.orangehrm_hybridframework5.testCase.Login_TC001">
        <test-method status="PASS" signature="stUP(java.lang.String, java.lang.String)[pri:0, instance:com.orangehrm_hybridframework5.testCase.Login_TC001@163425a]" name="stUP" is-config="true" duration-ms="25196" started-at="2021-08-09T06:36:12Z" finished-at="2021-08-09T06:36:37Z">
          <params>
            <param index="0">
              <value>
                <![CDATA[Firefox]]>
              </value>
            </param>
            <param index="1">
              <value>
                <![CDATA[https://opensource-demo.orangehrmlive.com/]]>
              </value>
            </param>
          </params>
          <reporter-output>
          </reporter-output>
        </test-method> <!-- stUP -->
        <test-method status="PASS" signature="loginTC_001()[pri:0, instance:com.orangehrm_hybridframework5.testCase.Login_TC001@163425a]" name="loginTC_001" duration-ms="9046" started-at="2021-08-09T06:36:37Z" finished-at="2021-08-09T06:36:46Z">
          <reporter-output>
          </reporter-output>
        </test-method> <!-- loginTC_001 -->
        <test-method status="PASS" signature="tearDown()[pri:0, instance:com.orangehrm_hybridframework5.testCase.Login_TC001@163425a]" name="tearDown" is-config="true" duration-ms="2308" started-at="2021-08-09T06:36:46Z" finished-at="2021-08-09T06:36:48Z">
          <reporter-output>
          </reporter-output>
        </test-method> <!-- tearDown -->
        <test-method status="PASS" signature="loginTC_002()[pri:0, instance:com.orangehrm_hybridframework5.testCase.Login_TC001@163425a]" name="loginTC_002" duration-ms="18" started-at="2021-08-09T06:36:48Z" finished-at="2021-08-09T06:36:48Z">
          <reporter-output>
          </reporter-output>
        </test-method> <!-- loginTC_002 -->
        <test-method status="PASS" signature="tearDown()[pri:0, instance:com.orangehrm_hybridframework5.testCase.Login_TC001@163425a]" name="tearDown" is-config="true" duration-ms="0" started-at="2021-08-09T06:36:48Z" finished-at="2021-08-09T06:36:48Z">
          <reporter-output>
          </reporter-output>
        </test-method> <!-- tearDown -->
      </class> <!-- com.orangehrm_hybridframework5.testCase.Login_TC001 -->
    </test> <!-- Test -->
  </suite> <!-- Suite -->
</testng-results>
